<?xml version="1.0" encoding="UTF-8"?>
<!-- Generated by org.testng.reporters.JUnitXMLReporter -->
<testsuite ignored="0" hostname="DESKTOP-NB17RKO" failures="0" tests="4" name="Default test" time="75.653" errors="0" timestamp="03 Jun 2024 16:21:26 GMT">
  <testcase classname="com.jala.qa.testcases.CreateEmployeeDatailsTest" name="VarifyNewEmployeeDetailsCreation" time="12.179"/>
  <testcase classname="com.jala.qa.testcases.CreateEmployeeDatailsTest" name="VarifyNewEmployeeDetailsCreation" time="10.974"/>
  <testcase classname="com.jala.qa.testcases.CreateEmployeeDatailsTest" name="VarifyNewEmployeeDetailsCreation" time="11.046"/>
  <testcase classname="com.jala.qa.testcases.CreateEmployeeDatailsTest" name="VarifyNewEmployeeDetailsCreation" time="11.235"/>
</testsuite> <!-- Default test -->
