<?xml version="1.0" encoding="UTF-8"?>
<!-- Generated by org.testng.reporters.JUnitXMLReporter -->
<testsuite ignored="0" hostname="DESKTOP-NB17RKO" failures="1" tests="19" name="Extent " time="131.975" errors="0" timestamp="17 May 2024 05:15:28 GMT">
  <testcase classname="com.jala.qa.testcases.LoginPageTest" name="logintext" time="0.713"/>
  <testcase classname="com.jala.qa.testcases.MultilpleTabsTest" name="getTitleOfMultileTabPage" time="0.042"/>
  <testcase classname="com.jala.qa.testcases.HomePgaeTest" name="VerifyTitleHomePage" time="2.015"/>
  <testcase classname="com.jala.qa.testcases.MenuPageTest" name="getMenuPageTitle" time="0.031"/>
  <testcase classname="com.jala.qa.testcases.AutocompletePageTest" name="varifySinglevaluesTab" time="0.297"/>
  <testcase classname="com.jala.qa.testcases.LoginPageTest" name="loginPageTitle" time="0.016"/>
  <testcase classname="com.jala.qa.testcases.HomePgaeTest" name="verifyHomeVisibletext" time="0.473"/>
  <testcase classname="com.jala.qa.testcases.CreateEmployeeDatailsTest" name="VarifyNewEmployeeDetailsCreation" time="0.0">
    <skipped/>
  </testcase> <!-- VarifyNewEmployeeDetailsCreation -->
  <testcase classname="com.jala.qa.testcases.MultilpleTabsTest" name="tabFirsttextField" time="0.765"/>
  <testcase classname="com.jala.qa.testcases.MenuPageTest" name="varifyManuInfo" time="0.637"/>
  <testcase classname="com.jala.qa.testcases.AutocompletePageTest" name="varifyMultilevaluesTab" time="0.442"/>
  <testcase classname="com.jala.qa.testcases.LoginPageTest" name="loginPageVisibletext" time="0.072"/>
  <testcase classname="com.jala.qa.testcases.MultilpleTabsTest" name="tabFirsttextField2" time="0.683"/>
  <testcase classname="com.jala.qa.testcases.HomePgaeTest" name="VerifyUserId" time="0.6"/>
  <testcase classname="com.jala.qa.testcases.MenuPageTest" name="varifysubMenuInfo" time="0.632"/>
  <testcase classname="com.jala.qa.testcases.HomePgaeTest" name="VerifyHomepageTotalLiks" time="0.058"/>
  <testcase classname="com.jala.qa.testcases.MultilpleTabsTest" name="tabFirsttextField3" time="0.685"/>
  <testcase classname="com.jala.qa.testcases.HomePgaeTest" name="VarifyClickOnEmployeeLink" time="1.223"/>
  <testcase classname="com.jala.qa.testcases.HomePgaeTest" name="clickOnMultiplePageTab" time="20.592">
    <failure type="org.openqa.selenium.ElementNotInteractableException" message="element not interactable
  (Session info: chrome=125.0.6422.61)
Build info: version: &amp;apos;4.16.1&amp;apos;, revision: &amp;apos;9b4c83354e&amp;apos;
System info: os.name: &amp;apos;Windows 11&amp;apos;, os.arch: &amp;apos;amd64&amp;apos;, os.version: &amp;apos;10.0&amp;apos;, java.version: &amp;apos;17.0.9&amp;apos;
Driver info: org.openqa.selenium.chrome.ChromeDriver
Command: [afd3c0d1bbe486b463d91057148d5df6, clickElement {id=f.8C1596E8B5AE57EE607F26C4E14F5E26.d.1BEA8E6C70EBA28189191449EB5E3196.e.1059}]
Capabilities {acceptInsecureCerts: false, browserName: chrome, browserVersion: 125.0.6422.61, chrome: {chromedriverVersion: 125.0.6422.60 (3ac3319bff9f..., userDataDir: C:\Users\SARVAD~1\AppData\L...}, fedcm:accounts: true, goog:chromeOptions: {debuggerAddress: localhost:59263}, networkConnectionEnabled: false, pageLoadStrategy: normal, platformName: windows, proxy: Proxy(), se:cdp: ws://localhost:59263/devtoo..., se:cdpVersion: 125.0.6422.61, setWindowRect: true, strictFileInteractability: false, timeouts: {implicit: 0, pageLoad: 300000, script: 30000}, unhandledPromptBehavior: dismiss and notify, webauthn:extension:credBlob: true, webauthn:extension:largeBlob: true, webauthn:extension:minPinLength: true, webauthn:extension:prf: true, webauthn:virtualAuthenticators: true}
Element: [[ChromeDriver: chrome on windows (afd3c0d1bbe486b463d91057148d5df6)] -&amp;gt; xpath: //a[text()=&amp;apos; Multiple Tabs&amp;apos;]]
Session ID: afd3c0d1bbe486b463d91057148d5df6">
      <![CDATA[org.openqa.selenium.ElementNotInteractableException: element not interactable
  (Session info: chrome=125.0.6422.61)
Build info: version: '4.16.1', revision: '9b4c83354e'
System info: os.name: 'Windows 11', os.arch: 'amd64', os.version: '10.0', java.version: '17.0.9'
Driver info: org.openqa.selenium.chrome.ChromeDriver
Command: [afd3c0d1bbe486b463d91057148d5df6, clickElement {id=f.8C1596E8B5AE57EE607F26C4E14F5E26.d.1BEA8E6C70EBA28189191449EB5E3196.e.1059}]
Capabilities {acceptInsecureCerts: false, browserName: chrome, browserVersion: 125.0.6422.61, chrome: {chromedriverVersion: 125.0.6422.60 (3ac3319bff9f..., userDataDir: C:\Users\SARVAD~1\AppData\L...}, fedcm:accounts: true, goog:chromeOptions: {debuggerAddress: localhost:59263}, networkConnectionEnabled: false, pageLoadStrategy: normal, platformName: windows, proxy: Proxy(), se:cdp: ws://localhost:59263/devtoo..., se:cdpVersion: 125.0.6422.61, setWindowRect: true, strictFileInteractability: false, timeouts: {implicit: 0, pageLoad: 300000, script: 30000}, unhandledPromptBehavior: dismiss and notify, webauthn:extension:credBlob: true, webauthn:extension:largeBlob: true, webauthn:extension:minPinLength: true, webauthn:extension:prf: true, webauthn:virtualAuthenticators: true}
Element: [[ChromeDriver: chrome on windows (afd3c0d1bbe486b463d91057148d5df6)] -> xpath: //a[text()=' Multiple Tabs']]
Session ID: afd3c0d1bbe486b463d91057148d5df6
	at org.openqa.selenium.remote.codec.w3c.W3CHttpResponseCodec.createException(W3CHttpResponseCodec.java:200)
	at org.openqa.selenium.remote.codec.w3c.W3CHttpResponseCodec.decode(W3CHttpResponseCodec.java:133)
	at org.openqa.selenium.remote.codec.w3c.W3CHttpResponseCodec.decode(W3CHttpResponseCodec.java:52)
	at org.openqa.selenium.remote.HttpCommandExecutor.execute(HttpCommandExecutor.java:191)
	at org.openqa.selenium.remote.service.DriverCommandExecutor.invokeExecute(DriverCommandExecutor.java:200)
	at org.openqa.selenium.remote.service.DriverCommandExecutor.execute(DriverCommandExecutor.java:175)
	at org.openqa.selenium.remote.RemoteWebDriver.execute(RemoteWebDriver.java:523)
	at org.openqa.selenium.remote.RemoteWebElement.execute(RemoteWebElement.java:224)
	at org.openqa.selenium.remote.RemoteWebElement.click(RemoteWebElement.java:77)
	at org.openqa.selenium.support.pagefactory.internal.LocatingElementHandler.invoke(LocatingElementHandler.java:51)
	at jdk.proxy2/jdk.proxy2.$Proxy17.click(Unknown Source)
	at com.jala.qa.pages.HomePage.ClickonMultipleTab(HomePage.java:102)
	at com.jala.qa.testcases.HomePgaeTest.clickOnMultiplePageTab(HomePgaeTest.java:65)
... Removed 33 stack frames]]>
    </failure>
  </testcase> <!-- clickOnMultiplePageTab -->
</testsuite> <!-- Extent  -->
